c:\users\david.phillips\documents\git\lsystem3dtrees\fatty3dtrees\fatty3dtrees\x64\debug\vc143.pdb
c:\users\david.phillips\documents\git\lsystem3dtrees\fatty3dtrees\fatty3dtrees\x64\debug\vc143.idb
c:\users\david.phillips\documents\git\lsystem3dtrees\fatty3dtrees\fatty3dtrees\x64\debug\source.obj
c:\users\david.phillips\documents\git\lsystem3dtrees\fatty3dtrees\fatty3dtrees\x64\debug\inputmanager.obj
c:\users\david.phillips\documents\git\lsystem3dtrees\fatty3dtrees\fatty3dtrees\x64\debug\shader.obj
c:\users\david.phillips\documents\git\lsystem3dtrees\fatty3dtrees\fatty3dtrees\x64\debug\glutil.obj
c:\users\david.phillips\documents\git\lsystem3dtrees\fatty3dtrees\fatty3dtrees\x64\debug\lsystem.obj
c:\users\david.phillips\documents\git\lsystem3dtrees\fatty3dtrees\fatty3dtrees\x64\debug\graphicsturtle.obj
c:\users\david.phillips\documents\git\lsystem3dtrees\fatty3dtrees\fatty3dtrees\x64\debug\camera.obj
c:\users\david.phillips\documents\git\lsystem3dtrees\fatty3dtrees\fatty3dtrees\x64\debug\resourcemanager.obj
c:\users\david.phillips\documents\git\lsystem3dtrees\fatty3dtrees\fatty3dtrees\x64\debug\glbuffer.obj
c:\users\david.phillips\documents\git\lsystem3dtrees\fatty3dtrees\x64\debug\fatty3dtrees.pdb
c:\users\david.phillips\documents\git\lsystem3dtrees\fatty3dtrees\fatty3dtrees\x64\debug\fatty3dtrees.tlog\cl.command.1.tlog
c:\users\david.phillips\documents\git\lsystem3dtrees\fatty3dtrees\fatty3dtrees\x64\debug\fatty3dtrees.tlog\cl.read.1.tlog
c:\users\david.phillips\documents\git\lsystem3dtrees\fatty3dtrees\fatty3dtrees\x64\debug\fatty3dtrees.tlog\cl.write.1.tlog
c:\users\david.phillips\documents\git\lsystem3dtrees\fatty3dtrees\fatty3dtrees\x64\debug\fatty3dtrees.tlog\link-cvtres.read.1.tlog
c:\users\david.phillips\documents\git\lsystem3dtrees\fatty3dtrees\fatty3dtrees\x64\debug\fatty3dtrees.tlog\link-cvtres.write.1.tlog
c:\users\david.phillips\documents\git\lsystem3dtrees\fatty3dtrees\fatty3dtrees\x64\debug\fatty3dtrees.tlog\link-rc.read.1.tlog
c:\users\david.phillips\documents\git\lsystem3dtrees\fatty3dtrees\fatty3dtrees\x64\debug\fatty3dtrees.tlog\link-rc.write.1.tlog
c:\users\david.phillips\documents\git\lsystem3dtrees\fatty3dtrees\fatty3dtrees\x64\debug\fatty3dtrees.tlog\link.command.1.tlog
c:\users\david.phillips\documents\git\lsystem3dtrees\fatty3dtrees\fatty3dtrees\x64\debug\fatty3dtrees.tlog\link.read.1.tlog
c:\users\david.phillips\documents\git\lsystem3dtrees\fatty3dtrees\fatty3dtrees\x64\debug\fatty3dtrees.tlog\link.read.2.tlog
c:\users\david.phillips\documents\git\lsystem3dtrees\fatty3dtrees\fatty3dtrees\x64\debug\fatty3dtrees.tlog\link.write.1.tlog
